<?xml version="1.0" encoding="UTF-8"?>
<!-- Generated by org.testng.reporters.JUnitXMLReporter -->
<testsuite ignored="0" hostname="DESKTOP-JSER0GB" failures="0" tests="5" name="Default test" time="11.114" errors="0" timestamp="2023-04-05T06:54:45 IST">
  <testcase classname="spotifyOauth2.PlaylistTests" name="createPlayList" time="9.609"/>
  <testcase classname="spotifyOauth2.PlaylistTests" name="getAPlayList" time="0.34"/>
  <testcase classname="spotifyOauth2.PlaylistTests" name="invalidPayloadTest" time="0.241"/>
  <testcase classname="spotifyOauth2.PlaylistTests" name="invalidTokenTest" time="0.228"/>
  <testcase classname="spotifyOauth2.PlaylistTests" name="updateAPlayList" time="0.291"/>
</testsuite> <!-- Default test -->
